running develop
running egg_info
creating ws_master_bridge.egg-info
writing ws_master_bridge.egg-info/PKG-INFO
writing dependency_links to ws_master_bridge.egg-info/dependency_links.txt
writing entry points to ws_master_bridge.egg-info/entry_points.txt
writing requirements to ws_master_bridge.egg-info/requires.txt
writing top-level names to ws_master_bridge.egg-info/top_level.txt
writing manifest file 'ws_master_bridge.egg-info/SOURCES.txt'
reading manifest file 'ws_master_bridge.egg-info/SOURCES.txt'
writing manifest file 'ws_master_bridge.egg-info/SOURCES.txt'
running build_ext
Creating /home/ochoagram/ws_master_ws/install/ws_master_bridge/lib/python3.10/site-packages/ws-master-bridge.egg-link (link to .)
Installing master_ws_bridge script to /home/ochoagram/ws_master_ws/install/ws_master_bridge/lib/ws_master_bridge
Installing test_traj_pub script to /home/ochoagram/ws_master_ws/install/ws_master_bridge/lib/ws_master_bridge

Installed /home/ochoagram/ws_master_ws/build/ws_master_bridge
running symlink_data
creating /home/ochoagram/ws_master_ws/install/ws_master_bridge/share/ament_index
creating /home/ochoagram/ws_master_ws/install/ws_master_bridge/share/ament_index/resource_index
creating /home/ochoagram/ws_master_ws/install/ws_master_bridge/share/ament_index/resource_index/packages
symbolically linking /home/ochoagram/ws_master_ws/build/ws_master_bridge/resource/ws_master_bridge -> /home/ochoagram/ws_master_ws/install/ws_master_bridge/share/ament_index/resource_index/packages
symbolically linking /home/ochoagram/ws_master_ws/build/ws_master_bridge/package.xml -> /home/ochoagram/ws_master_ws/install/ws_master_bridge/share/ws_master_bridge
